<?xml version="1.0" encoding="UTF-8"?>
<!-- Generated by org.testng.reporters.JUnitReportReporter -->
<testsuite hostname="Bhavanis-MacBook-Air.local" failures="0" tests="1" name="com.qatouch.apitestsync.GoogleTest" time="8.910" errors="0" timestamp="2023-07-24T16:52:48 IST" skipped="0">
  <testcase classname="com.qatouch.apitestsync.GoogleTest" name="isSearchExist" time="8.910"/>
</testsuite> <!-- com.qatouch.apitestsync.GoogleTest -->
